ðŸš€ å¼€å§‹æž„å»º iOS IPA...
ðŸ“¦ å®‰è£… npm ä¾èµ–...

up to date, audited 725 packages in 1s

66 packages are looking for funding
  run `npm fund` for details

found 0 vulnerabilities
ðŸ”¨ é¢„æž„å»º iOS é¡¹ç›®...
- Creating native directory (./ios)
âœ” Created native directory | reusing /ios
- Updating package.json
âœ” Updated package.json | no changes
- Running prebuild
âœ” Finished prebuild
ðŸ“¦ å®‰è£… CocoaPods ä¾èµ–...
Using Expo modules
[Expo] Enabling modular headers for pod ExpoModulesCore
[Expo] Enabling modular headers for pod React-RCTAppDelegate
[Expo] Enabling modular headers for pod React-RCTFabric
[Expo] Enabling modular headers for pod ReactAppDependencyProvider
[Expo] Enabling modular headers for pod React-Core
[Expo] Enabling modular headers for pod ReactCodegen
[Expo] Enabling modular headers for pod RCTRequired
[Expo] Enabling modular headers for pod RCTTypeSafety
[Expo] Enabling modular headers for pod ReactCommon
[Expo] Enabling modular headers for pod React-NativeModulesApple
[Expo] Enabling modular headers for pod Yoga
[Expo] Enabling modular headers for pod React-Fabric
[Expo] Enabling modular headers for pod React-graphics
[Expo] Enabling modular headers for pod React-utils
[Expo] Enabling modular headers for pod React-featureflags
[Expo] Enabling modular headers for pod React-debug
[Expo] Enabling modular headers for pod React-ImageManager
[Expo] Enabling modular headers for pod React-rendererdebug
[Expo] Enabling modular headers for pod React-jsi
[Expo] Enabling modular headers for pod React-renderercss
[Expo] Enabling modular headers for pod hermes-engine
[Expo] Enabling modular headers for pod glog
[Expo] Enabling modular headers for pod boost
[Expo] Enabling modular headers for pod DoubleConversion
[Expo] Enabling modular headers for pod fast_float
[Expo] Enabling modular headers for pod fmt
[Expo] Enabling modular headers for pod RCT-Folly
[Expo] Enabling modular headers for pod SocketRocket
Found 2 modules for target `app`
link_native_modules! {ios_packages: [{configurations: [], name: "@react-native-async-storage/async-storage", root: "/Users/lizhiqiang/coding-my/redbook/node_modules/@react-native-async-storage/async-storage", path: "../node_modules/@react-native-async-storage/async-storage", podspec_path: "/Users/lizhiqiang/coding-my/redbook/node_modules/@react-native-async-storage/async-storage/RNCAsyncStorage.podspec", script_phases: []}, {configurations: [], name: "expo", root: "/Users/lizhiqiang/coding-my/redbook/node_modules/expo", path: "../node_modules/expo", podspec_path: "/Users/lizhiqiang/coding-my/redbook/node_modules/expo/Expo.podspec", script_phases: []}], ios_project_root_path: "/Users/lizhiqiang/coding-my/redbook/ios", react_native_path: "../node_modules/react-native"}
Auto-linking React Native module for target `app`: RNCAsyncStorage
Framework build type is static library
[ReactNativeDependencies] Setting up ReactNativeDependencies...
[ReactNativeDependencies] Building from source: false
[ReactNativeDependencies] Using release tarball
[ReactNativeDependencies] Using tarball from URL: https://repo1.maven.org/maven2/com/facebook/react/react-native-artifacts/0.81.5/react-native-artifacts-0.81.5-reactnative-dependencies-debug.tar.gz
[ReactNativeDependencies] Source: {http: "https://repo1.maven.org/maven2/com/facebook/react/react-native-artifacts/0.81.5/react-native-artifacts-0.81.5-reactnative-dependencies-debug.tar.gz"}
[ReactNativeCore] Setting up ReactNativeCore...
[ReactNativeCore] Building from source: false
[ReactNativeCore] Using tarball from URL: https://repo1.maven.org/maven2/com/facebook/react/react-native-artifacts/0.81.5/react-native-artifacts-0.81.5-reactnative-core-debug.tar.gz
[ReactNativeCore] Source: {http: "https://repo1.maven.org/maven2/com/facebook/react/react-native-artifacts/0.81.5/react-native-artifacts-0.81.5-reactnative-core-debug.tar.gz"}
Configuring the target with the New Architecture
[ReactNativeCore] Using React Native Core and React Native Dependencies prebuilt versions.
[36m[1m[Codegen][0m Analyzing /Users/lizhiqiang/coding-my/redbook/package.json[0m
[36m[1m[Codegen][0m [33mSearching for codegen-enabled libraries in the app.[0m
[36m[1m[Codegen][0m [33mThe "codegenConfig" field is not defined in package.json. Assuming there is nothing to generate at the app level.[0m
[36m[1m[Codegen][0m [33mSearching for codegen-enabled libraries in react-native.config.js[0m
[36m[1m[Codegen][0m Found @react-native-async-storage/async-storage[0m
[36m[1m[Codegen][0m Processing rnasyncstorage[0m
[36m[1m[Codegen][0m [33mSearching for podspec in the project dependencies.[0m
[36m[1m[Codegen][0m Supported Apple platforms: ios, macos, tvos, visionos for rnasyncstorage[0m
[36m[1m[Codegen][0m Generating Native Code for rnasyncstorage - ios[0m
[36m[1m[Codegen][0m Generated artifacts: /Users/lizhiqiang/coding-my/redbook/ios/build/generated/ios[0m
[36m[1m[Codegen][0m Generating RCTThirdPartyComponentsProvider.h[0m
[36m[1m[Codegen][0m Generated artifact: /Users/lizhiqiang/coding-my/redbook/ios/build/generated/ios/RCTThirdPartyComponentsProvider.h[0m
[36m[1m[Codegen][0m Generating RCTThirdPartyComponentsProvider.mm[0m
[36m[1m[Codegen][0m Generated artifact: /Users/lizhiqiang/coding-my/redbook/ios/build/generated/ios/RCTThirdPartyComponentsProvider.mm[0m
[36m[1m[Codegen][0m Generating RCTModulesProvider.h[0m
[36m[1m[Codegen][0m Generated artifact: /Users/lizhiqiang/coding-my/redbook/ios/build/generated/ios/RCTModuleProviders.h[0m
[36m[1m[Codegen][0m Generating RCTModuleProviders.mm[0m
[36m[1m[Codegen][0m Generated artifact: /Users/lizhiqiang/coding-my/redbook/ios/build/generated/ios/RCTModuleProviders.mm[0m
[36m[1m[Codegen][0m Generating RCTAppDependencyProvider[0m
[36m[1m[Codegen][0m Generated artifact: /Users/lizhiqiang/coding-my/redbook/ios/build/generated/ios/RCTAppDependencyProvider.h[0m
[36m[1m[Codegen][0m Generated artifact: /Users/lizhiqiang/coding-my/redbook/ios/build/generated/ios/RCTAppDependencyProvider.mm[0m
[36m[1m[Codegen][0m Generated podspec: /Users/lizhiqiang/coding-my/redbook/ios/build/generated/ios/ReactAppDependencyProvider.podspec[0m
[36m[1m[Codegen][0m Generated podspec: /Users/lizhiqiang/coding-my/redbook/ios/build/generated/ios/ReactCodegen.podspec[0m
[36m[1m[Codegen][0m [33mDone.[0m
[ReactNativeDependencies] Using release tarball
[ReactNativeDependencies] Using tarball from URL: https://repo1.maven.org/maven2/com/facebook/react/react-native-artifacts/0.81.5/react-native-artifacts-0.81.5-reactnative-dependencies-debug.tar.gz
Analyzing dependencies
Downloading dependencies
Generating Pods project
Setting USE_HERMES build settings
Setting REACT_NATIVE_PATH build settings
Setting SWIFT_ACTIVE_COMPILATION_CONDITIONS build settings
[Ccache]: Removing Ccache from CC, LD, CXX & LDPLUSPLUS build settings
Setting SWIFT_ENABLE_EXPLICIT_MODULES build settings
[SPM] Cleaning old SPM dependencies from Pods project
[SPM] Adding SPM dependencies to Pods project
[Privacy Manifest Aggregation] Appending aggregated reasons to existing PrivacyInfo.xcprivacy file.
[Privacy Manifest Aggregation] Reading .xcprivacy files to aggregate all used Required Reason APIs.
Setting CLANG_CXX_LANGUAGE_STANDARD to c++20 on /Users/lizhiqiang/coding-my/redbook/ios/app.xcodeproj

==================== DEPRECATION NOTICE =====================
Calling `pod install` directly is deprecated in React Native
because we are moving away from Cocoapods toward alternative
solutions to build the project.
* If you are using Expo, please run:
`npx expo run:ios`
* If you are using the Community CLI, please run:
`yarn ios`
=============================================================

Pod install took 10 [s] to run
Integrating client project
Pod installation complete! There are 78 dependencies from the Podfile and 77 total pods installed.
[Expo] Adding '[Expo Autolinking] Run Codegen with autolinking' build phase to ReactCodegen
ðŸ”¨ æž„å»º Archive...
Command line invocation:
    /Applications/Xcode.app/Contents/Developer/usr/bin/xcodebuild -workspace app.xcworkspace -scheme app -configuration Release -archivePath build/app.xcarchive -destination generic/platform=iOS archive CODE_SIGN_IDENTITY= CODE_SIGNING_REQUIRED=NO CODE_SIGNING_ALLOWED=NO PROVISIONING_PROFILE_SPECIFIER= DEVELOPMENT_TEAM=

Build settings from command line:
    CODE_SIGN_IDENTITY = 
    CODE_SIGNING_ALLOWED = NO
    CODE_SIGNING_REQUIRED = NO
    DEVELOPMENT_TEAM = 
    PROVISIONING_PROFILE_SPECIFIER = 

2026-01-23 09:09:52.888 xcodebuild[70896:11459939] Writing error result bundle to /var/folders/1c/jr567j29743d5ywhfwzss20w0000gn/T/ResultBundle_2026-23-01_09-09-0052.xcresult
xcodebuild: error: Unable to find a destination matching the provided destination specifier:
		{ generic:1, platform:iOS }

	Ineligible destinations for the "app" scheme:
		{ platform:iOS, id:dvtdevice-DVTiPhonePlaceholder-iphoneos:placeholder, name:Any iOS Device, error:iOS 26.2 is not installed. Please download and install the platform from Xcode > Settings > Components. }
